<?xml version="1.0" encoding="UTF-8"?>
<!-- Generated by org.testng.reporters.JUnitReportReporter -->
<testsuite hostname="DESKTOP-O9GDULK" failures="0" tests="2" name="MyTest.HomePageTest" time="0.219" errors="0" timestamp="2022-12-30T17:09:35 EST" skipped="0">
  <testcase classname="MyTest.HomePageTest" name="headerTest" time="0.091"/>
  <system-out/>
  <testcase classname="MyTest.HomePageTest" name="contactTest" time="0.128"/>
  <system-out/>
</testsuite> <!-- MyTest.HomePageTest -->
